2021-07-15 16:06 [@WIN7]
Internal #1: Launch session
2021-07-15 16:07 [@WIN7]
Internal #1: Launch graph
2021-07-15 18:34 [2@WIN7]
Internal #1: Launch reservation
2021-07-16 22:28 [@WIN7]
Internal #1: Launch closeticket
2021-08-29 17:46 [@WIN7]
Internal #1: Launch alertnotclosed
2021-08-29 17:47 [@WIN7]
Internal #1: Launch slaticket
2021-08-29 19:59 [@WIN7]
Internal #1: Launch createinquest
2021-08-29 23:25 [@WIN7]
Internal #1: Launch watcher
2021-09-10 07:49 [@WIN7]
Internal #1: Launch contract
2021-10-08 11:13 [@WIN7]
Internal #1: Launch infocom
2021-10-08 12:05 [2@WIN7]
Internal #1: Launch optimize
2021-10-08 12:19 [2@WIN7]
Internal #1: Launch mailgate
2021-10-08 12:24 [2@WIN7]
Internal #1: Launch graph
2021-10-08 12:31 [2@WIN7]
Internal #1: Launch reservation
2021-10-15 06:36 [@WIN7]
Internal #1: Launch session
2021-10-22 13:20 [@WIN7]
Internal #1: Launch closeticket
2021-10-22 13:20 [@WIN7]
Internal #1: Launch slaticket
2021-12-17 14:42 [@WIN7]
Internal #1: Launch alertnotclosed
2021-12-29 21:50 [@WIN7]
Internal #1: Launch createinquest
